<?xml version="1.0" encoding="UTF-8"?>
<testng-results skipped="0" failed="0" total="2" passed="2">
  <reporter-output>
  </reporter-output>
  <suite name="Default suite" duration-ms="18681" started-at="2021-09-13T13:50:22Z" finished-at="2021-09-13T13:50:41Z">
    <groups>
    </groups>
    <test name="Default test" duration-ms="18681" started-at="2021-09-13T13:50:22Z" finished-at="2021-09-13T13:50:41Z">
      <class name="Assignment.AutomationTestCases">
        <test-method status="PASS" signature="setup()[pri:0, instance:Assignment.AutomationTestCases@4445629]" name="setup" is-config="true" duration-ms="3597" started-at="2021-09-13T14:50:22Z" finished-at="2021-09-13T14:50:26Z">
          <reporter-output>
          </reporter-output>
        </test-method> <!-- setup -->
        <test-method status="PASS" signature="SigninTest1()[pri:0, instance:Assignment.AutomationTestCases@4445629]" name="SigninTest1" duration-ms="2276" started-at="2021-09-13T14:50:26Z" finished-at="2021-09-13T14:50:28Z">
          <reporter-output>
          </reporter-output>
        </test-method> <!-- SigninTest1 -->
        <test-method status="PASS" signature="Upload()[pri:0, instance:Assignment.AutomationTestCases@4445629]" name="Upload" duration-ms="12797" started-at="2021-09-13T14:50:28Z" finished-at="2021-09-13T14:50:41Z">
          <reporter-output>
          </reporter-output>
        </test-method> <!-- Upload -->
      </class> <!-- Assignment.AutomationTestCases -->
    </test> <!-- Default test -->
  </suite> <!-- Default suite -->
</testng-results>
