<?xml version="1.0" encoding="UTF-8"?>
<testng-results skipped="0" failed="0" total="2" passed="2">
  <reporter-output>
  </reporter-output>
  <suite name="Default suite" duration-ms="22027" started-at="2021-09-14T16:40:24Z" finished-at="2021-09-14T16:40:46Z">
    <groups>
    </groups>
    <test name="Default test" duration-ms="22027" started-at="2021-09-14T16:40:24Z" finished-at="2021-09-14T16:40:46Z">
      <class name="Assignment.AutomationTestCases">
        <test-method status="PASS" signature="setup()[pri:0, instance:Assignment.AutomationTestCases@4445629]" name="setup" is-config="true" duration-ms="5851" started-at="2021-09-14T17:40:24Z" finished-at="2021-09-14T17:40:30Z">
          <reporter-output>
          </reporter-output>
        </test-method> <!-- setup -->
        <test-method status="PASS" signature="SigninTest1()[pri:0, instance:Assignment.AutomationTestCases@4445629]" name="SigninTest1" duration-ms="2461" started-at="2021-09-14T17:40:30Z" finished-at="2021-09-14T17:40:33Z">
          <reporter-output>
          </reporter-output>
        </test-method> <!-- SigninTest1 -->
        <test-method status="PASS" signature="Upload()[pri:0, instance:Assignment.AutomationTestCases@4445629]" name="Upload" duration-ms="13694" started-at="2021-09-14T17:40:33Z" finished-at="2021-09-14T17:40:46Z">
          <reporter-output>
          </reporter-output>
        </test-method> <!-- Upload -->
      </class> <!-- Assignment.AutomationTestCases -->
    </test> <!-- Default test -->
  </suite> <!-- Default suite -->
</testng-results>
